<?xml version="1.0" encoding="UTF-8"?>
<!-- Generated by org.testng.reporters.JUnitReportReporter -->
<testsuite skipped="0" hostname="LAPTOP-4THI6M5U" name="com.selenium.testng.TestRunByGroups" tests="3" failures="0" timestamp="28 七月 2018 09:02:39 GMT" time="0.018" errors="0">
  <testcase name="color2" time="0.005" classname="com.selenium.testng.TestRunByGroups"/>
  <testcase name="color1" time="0.002" classname="com.selenium.testng.TestRunByGroups"/>
  <testcase name="car_color" time="0.011" classname="com.selenium.testng.TestRunByGroups"/>
</testsuite> <!-- com.selenium.testng.TestRunByGroups -->
