<?xml version="1.0" encoding="UTF-8"?>
<!-- Generated by org.testng.reporters.JUnitReportReporter -->
<testsuite skipped="0" hostname="LAPTOP-4THI6M5U" name="com.selenium.testng.TestRunThread" tests="15" failures="0" timestamp="28 七月 2018 09:20:48 GMT" time="30.106" errors="0">
  <testcase name="f" time="2.006" classname="com.selenium.testng.TestRunThread"/>
  <testcase name="f" time="2.013" classname="com.selenium.testng.TestRunThread"/>
  <testcase name="f" time="2.006" classname="com.selenium.testng.TestRunThread"/>
  <testcase name="f" time="2.013" classname="com.selenium.testng.TestRunThread"/>
  <testcase name="f" time="2.011" classname="com.selenium.testng.TestRunThread"/>
  <testcase name="f" time="2.001" classname="com.selenium.testng.TestRunThread"/>
  <testcase name="f" time="2.004" classname="com.selenium.testng.TestRunThread"/>
  <testcase name="f" time="2.008" classname="com.selenium.testng.TestRunThread"/>
  <testcase name="f" time="2.013" classname="com.selenium.testng.TestRunThread"/>
  <testcase name="f" time="2.003" classname="com.selenium.testng.TestRunThread"/>
  <testcase name="f" time="2.004" classname="com.selenium.testng.TestRunThread"/>
  <testcase name="f" time="2.004" classname="com.selenium.testng.TestRunThread"/>
  <testcase name="f" time="2.003" classname="com.selenium.testng.TestRunThread"/>
  <testcase name="f" time="2.014" classname="com.selenium.testng.TestRunThread"/>
  <testcase name="f" time="2.003" classname="com.selenium.testng.TestRunThread"/>
</testsuite> <!-- com.selenium.testng.TestRunThread -->
