<?xml version="1.0" encoding="UTF-8"?>
<!-- Generated by org.testng.reporters.JUnitReportReporter -->
<testsuite skipped="0" hostname="LAPTOP-4THI6M5U" name="com.selenium.testng.TestAddParameter1" tests="3" failures="0" timestamp="28 七月 2018 08:13:45 GMT" time="0.013" errors="0">
  <testcase name="testAdd" time="0.009" classname="com.selenium.testng.TestAddParameter1"/>
  <testcase name="testAdd" time="0.002" classname="com.selenium.testng.TestAddParameter1"/>
  <testcase name="testAdd" time="0.002" classname="com.selenium.testng.TestAddParameter1"/>
</testsuite> <!-- com.selenium.testng.TestAddParameter1 -->
