<?xml version="1.0" encoding="UTF-8"?>
<!-- Generated by org.testng.reporters.JUnitReportReporter -->
<testsuite skipped="0" hostname="LAPTOP-4THI6M5U" name="com.selenium.testng.TestRunOrder" tests="4" failures="0" timestamp="28 七月 2018 08:39:01 GMT" time="0.017" errors="0">
  <testcase name="test3" time="0.010" classname="com.selenium.testng.TestRunOrder"/>
  <testcase name="test5" time="0.004" classname="com.selenium.testng.TestRunOrder"/>
  <testcase name="test9" time="0.002" classname="com.selenium.testng.TestRunOrder"/>
  <testcase name="test7" time="0.001" classname="com.selenium.testng.TestRunOrder"/>
</testsuite> <!-- com.selenium.testng.TestRunOrder -->
