<?xml version="1.0" encoding="UTF-8"?>
<!-- Generated by org.testng.reporters.JUnitReportReporter -->
<testsuite skipped="0" hostname="LAPTOP-4THI6M5U" name="com.selenium.testng.TestAddParameter2" tests="3" failures="0" timestamp="28 七月 2018 08:30:31 GMT" time="0.013" errors="0">
  <testcase name="testAdd" time="0.003" classname="com.selenium.testng.TestAddParameter2"/>
  <testcase name="testAdd" time="0.007" classname="com.selenium.testng.TestAddParameter2"/>
  <testcase name="testAdd" time="0.003" classname="com.selenium.testng.TestAddParameter2"/>
</testsuite> <!-- com.selenium.testng.TestAddParameter2 -->
