<?xml version="1.0" encoding="UTF-8"?>
<!-- Generated by org.testng.reporters.JUnitReportReporter -->
<testsuite skipped="0" hostname="LAPTOP-4THI6M5U" name="com.selenium.testng.TestAddByTestng" tests="1" failures="0" timestamp="28 七月 2018 08:02:16 GMT" time="0.007" errors="0">
  <testcase name="test" time="0.007" classname="com.selenium.testng.TestAddByTestng"/>
</testsuite> <!-- com.selenium.testng.TestAddByTestng -->
