<?xml version="1.0" encoding="UTF-8"?>
<!-- Generated by org.testng.reporters.JUnitReportReporter -->
<testsuite skipped="0" hostname="LAPTOP-4THI6M5U" name="com.selenium.testng.TestRunManyTimes" tests="5" failures="0" timestamp="28 七月 2018 09:13:03 GMT" time="0.019" errors="0">
  <testcase name="f" time="0.002" classname="com.selenium.testng.TestRunManyTimes"/>
  <testcase name="f" time="0.001" classname="com.selenium.testng.TestRunManyTimes"/>
  <testcase name="f" time="0.003" classname="com.selenium.testng.TestRunManyTimes"/>
  <testcase name="f" time="0.002" classname="com.selenium.testng.TestRunManyTimes"/>
  <testcase name="f" time="0.011" classname="com.selenium.testng.TestRunManyTimes"/>
</testsuite> <!-- com.selenium.testng.TestRunManyTimes -->
