<?xml version="1.0" encoding="UTF-8"?>
<!-- Generated by org.testng.reporters.JUnitReportReporter -->
<testsuite skipped="0" hostname="LAPTOP-4THI6M5U" name="com.selenium.pageObjectTest.TestIndexPage" tests="1" failures="0" timestamp="28 七月 2018 13:00:13 GMT" time="5.075" errors="0">
  <testcase name="test" time="5.075" classname="com.selenium.pageObjectTest.TestIndexPage"/>
</testsuite> <!-- com.selenium.pageObjectTest.TestIndexPage -->
